PS C:\Users\anees\Desktop\SEM-4\IBS\endsem\Secondary_Structure_Prediction> python phase_8_deep_learning_model.py --input embeddings/final_features.pkl   
22:56:37 | INFO     |   Device: cuda

[1/5] Load data & split
------------------------------------------------------------
22:56:37 | INFO     |   Loading embeddings/final_features.pkl ...
22:56:39 | INFO     |   Proteins: 9,172  |  Feature dims: 109
22:56:39 | INFO     |   Train/Val/Test split: 7337 / 917 / 918
22:56:39 | INFO     |     Skipped 10 proteins (key/length mismatch)
22:56:39 | INFO     |     Skipped 1 proteins (key/length mismatch)
22:56:40 | INFO     |     Skipped 3 proteins (key/length mismatch)
22:56:40 | INFO     |   Dataset sizes: train=7,327  val=916  test=915
22:56:40 | INFO     |   Class counts (H/E/C): [625846, 395433, 770801]
22:56:40 | INFO     |   Class weights:        [0.2946000099182129, 0.46619999408721924, 0.23919999599456787]

[2/5] Build model
------------------------------------------------------------
22:56:40 | INFO     |   Architecture : CNN → BiLSTM(2L) → MHA(8h) → FC
22:56:40 | INFO     |   Input dim    : 109  |  Hidden: 256
22:56:40 | INFO     |   Trainable params: 4,337,923

[3/5] Train
------------------------------------------------------------
22:57:23 | INFO     |   Epoch 01/50 | train_loss=0.0090  val_loss=0.0071  val_F1=0.8277  val_Q3=82.94%
22:57:23 | INFO     |     ✓ New best model saved (val_F1=0.8277)
22:58:02 | INFO     |   Epoch 02/50 | train_loss=0.0072  val_loss=0.0068  val_F1=0.8296  val_Q3=83.11%
22:58:02 | INFO     |     ✓ New best model saved (val_F1=0.8296)
22:58:42 | INFO     |   Epoch 03/50 | train_loss=0.0068  val_loss=0.0066  val_F1=0.8136  val_Q3=81.61%
22:59:29 | INFO     |   Epoch 04/50 | train_loss=0.0066  val_loss=0.0066  val_F1=0.8083  val_Q3=81.12%
23:00:11 | INFO     |   Epoch 05/50 | train_loss=0.0064  val_loss=0.0065  val_F1=0.8147  val_Q3=81.74%
23:00:51 | INFO     |   Epoch 06/50 | train_loss=0.0062  val_loss=0.0065  val_F1=0.8399  val_Q3=84.10%
23:00:51 | INFO     |     ✓ New best model saved (val_F1=0.8399)
23:01:33 | INFO     |   Epoch 07/50 | train_loss=0.0061  val_loss=0.0065  val_F1=0.8258  val_Q3=82.79%
23:02:13 | INFO     |   Epoch 08/50 | train_loss=0.0060  val_loss=0.0064  val_F1=0.8199  val_Q3=82.22%
23:02:54 | INFO     |   Epoch 09/50 | train_loss=0.0058  val_loss=0.0066  val_F1=0.8272  val_Q3=82.91%
23:03:35 | INFO     |   Epoch 10/50 | train_loss=0.0057  val_loss=0.0065  val_F1=0.8331  val_Q3=83.49%
23:04:14 | INFO     |   Epoch 11/50 | train_loss=0.0056  val_loss=0.0066  val_F1=0.8330  val_Q3=83.51%
23:04:53 | INFO     |   Epoch 12/50 | train_loss=0.0055  val_loss=0.0064  val_F1=0.8316  val_Q3=83.36%
23:05:32 | INFO     |   Epoch 13/50 | train_loss=0.0054  val_loss=0.0065  val_F1=0.8256  val_Q3=82.79%
23:05:32 | INFO     |   Early stopping at epoch 13 (patience=7)

[4/5] Evaluate on test set
------------------------------------------------------------
23:05:33 | INFO     |   Q3 Accuracy  : 84.21%
23:05:33 | INFO     |   Macro F1     : 0.8413
23:05:33 | INFO     |   Weighted F1  : 0.8412
23:05:33 | INFO     |   ROC-AUC (OvR): 0.9617
23:05:33 | INFO     | 
              precision    recall  f1-score   support

    Helix(H)       0.89      0.92      0.90     76343
    Sheet(E)       0.72      0.94      0.82     48645
     Coil(C)       0.89      0.73      0.81     95140

    accuracy                           0.84    220128
   macro avg       0.83      0.86      0.84    220128
weighted avg       0.85      0.84      0.84    220128

23:05:34 | INFO     |   Saved confusion matrix -> output/phase_8\confusion_matrix_final_features.png
23:05:34 | INFO     |   Saved training history -> output/phase_8\training_history_final_features.png
23:05:34 | INFO     |   Saved ROC curves -> output/phase_8\roc_curves_final_features.png

[5/5] Save report
------------------------------------------------------------
23:05:34 | INFO     |   Report saved -> output/phase_8\phase_8_report_final_features.txt
23:05:34 | INFO     | 
  Final Results: Q3=84.21%  Macro-F1=0.8413  AUC=0.9617