PS C:\Users\anees\Desktop\SEM-4\IBS\endsem\Secondary_Structure_Prediction> python phase_8_deep_learning_model.py --input embeddings/final_features_v2.pkl
23:06:55 | INFO     |   Device: cuda

[1/5] Load data & split
------------------------------------------------------------
23:06:55 | INFO     |   Loading embeddings/final_features_v2.pkl ...
23:06:55 | INFO     |   Proteins: 9,172  |  Feature dims: 12
23:06:55 | INFO     |   Train/Val/Test split: 7337 / 917 / 918
23:06:56 | INFO     |     Skipped 10 proteins (key/length mismatch)
23:06:56 | INFO     |     Skipped 1 proteins (key/length mismatch)
23:06:56 | INFO     |     Skipped 3 proteins (key/length mismatch)
23:06:56 | INFO     |   Dataset sizes: train=7,327  val=916  test=915
23:06:56 | INFO     |   Class counts (H/E/C): [625846, 395433, 770801]
23:06:56 | INFO     |   Class weights:        [0.2946000099182129, 0.46619999408721924, 0.23919999599456787]

[2/5] Build model
------------------------------------------------------------
23:06:56 | INFO     |   Architecture : CNN → BiLSTM(2L) → MHA(8h) → FC
23:06:56 | INFO     |   Input dim    : 12  |  Hidden: 256
23:06:56 | INFO     |   Trainable params: 4,164,099

[3/5] Train
------------------------------------------------------------
23:07:35 | INFO     |   Epoch 01/50 | train_loss=0.0107  val_loss=0.0087  val_F1=0.7701  val_Q3=77.22%
23:07:35 | INFO     |     ✓ New best model saved (val_F1=0.7701)
23:08:12 | INFO     |   Epoch 02/50 | train_loss=0.0088  val_loss=0.0082  val_F1=0.7886  val_Q3=79.20%
23:08:12 | INFO     |     ✓ New best model saved (val_F1=0.7886)
23:08:49 | INFO     |   Epoch 03/50 | train_loss=0.0083  val_loss=0.0080  val_F1=0.8108  val_Q3=81.28%
23:08:49 | INFO     |     ✓ New best model saved (val_F1=0.8108)
23:09:27 | INFO     |   Epoch 04/50 | train_loss=0.0080  val_loss=0.0077  val_F1=0.8047  val_Q3=80.73%
23:10:04 | INFO     |   Epoch 05/50 | train_loss=0.0078  val_loss=0.0075  val_F1=0.7884  val_Q3=79.17%
23:10:41 | INFO     |   Epoch 06/50 | train_loss=0.0076  val_loss=0.0074  val_F1=0.7978  val_Q3=80.06%
23:11:18 | INFO     |   Epoch 07/50 | train_loss=0.0074  val_loss=0.0075  val_F1=0.7983  val_Q3=80.10%
23:11:56 | INFO     |   Epoch 08/50 | train_loss=0.0072  val_loss=0.0076  val_F1=0.8062  val_Q3=80.87%
23:12:33 | INFO     |   Epoch 09/50 | train_loss=0.0070  val_loss=0.0077  val_F1=0.8019  val_Q3=80.46%
23:13:11 | INFO     |   Epoch 10/50 | train_loss=0.0068  val_loss=0.0074  val_F1=0.8211  val_Q3=82.30%
23:13:11 | INFO     |     ✓ New best model saved (val_F1=0.8211)
23:13:48 | INFO     |   Epoch 11/50 | train_loss=0.0066  val_loss=0.0075  val_F1=0.8113  val_Q3=81.33%
23:14:27 | INFO     |   Epoch 12/50 | train_loss=0.0065  val_loss=0.0075  val_F1=0.8052  val_Q3=80.81%
23:15:05 | INFO     |   Epoch 13/50 | train_loss=0.0064  val_loss=0.0081  val_F1=0.8110  val_Q3=81.32%
23:15:43 | INFO     |   Epoch 14/50 | train_loss=0.0062  val_loss=0.0078  val_F1=0.7924  val_Q3=79.49%
23:16:20 | INFO     |   Epoch 15/50 | train_loss=0.0061  val_loss=0.0078  val_F1=0.8046  val_Q3=80.72%
23:16:57 | INFO     |   Epoch 16/50 | train_loss=0.0059  val_loss=0.0083  val_F1=0.8065  val_Q3=80.90%
23:17:35 | INFO     |   Epoch 17/50 | train_loss=0.0058  val_loss=0.0084  val_F1=0.8182  val_Q3=82.03%
23:17:35 | INFO     |   Early stopping at epoch 17 (patience=7)

[4/5] Evaluate on test set
------------------------------------------------------------
23:17:36 | INFO     |   Q3 Accuracy  : 82.30%
23:17:36 | INFO     |   Macro F1     : 0.8215
23:17:36 | INFO     |   Weighted F1  : 0.8200
23:17:36 | INFO     |   ROC-AUC (OvR): 0.9600
23:17:36 | INFO     | 
              precision    recall  f1-score   support

    Helix(H)       0.85      0.93      0.89     76343
    Sheet(E)       0.70      0.93      0.80     48645
     Coil(C)       0.90      0.68      0.78     95140

    accuracy                           0.82    220128
   macro avg       0.82      0.85      0.82    220128
weighted avg       0.84      0.82      0.82    220128

23:17:37 | INFO     |   Saved confusion matrix -> output/phase_8\confusion_matrix_final_features_v2.png
23:17:37 | INFO     |   Saved training history -> output/phase_8\training_history_final_features_v2.png
23:17:37 | INFO     |   Saved ROC curves -> output/phase_8\roc_curves_final_features_v2.png

[5/5] Save report
------------------------------------------------------------
23:17:37 | INFO     |   Report saved -> output/phase_8\phase_8_report_final_features_v2.txt
23:17:37 | INFO     | 
  Final Results: Q3=82.30%  Macro-F1=0.8215  AUC=0.9600