PS C:\Users\anees\Desktop\SEM-4\IBS\endsem\Secondary_Structure_Prediction> python phase_9_explainable_ai.py --input embeddings/final_features_v2.pkl --model models/phase_8_best_model_final_features_v2.pt --mask models/feature_selector_mask_v2.pkl
23:27:19 | INFO     |   Device: cuda

[1/6] Load model + sample proteins
------------------------------------------------------------
23:27:19 | INFO     |   Loading embeddings from embeddings/final_features_v2.pkl ...
23:27:20 | INFO     |   Proteins: 9,172  |  Feature dims: 12
23:27:20 | INFO     |   Loading model from models/phase_8_best_model_final_features_v2.pt ...
23:27:20 | INFO     |   Model loaded  |  input_dim=12
23:27:20 | INFO     |   Loaded feature names from mask: models/feature_selector_mask_v2.pkl

[2/6] Attention weight heatmaps
------------------------------------------------------------
23:27:20 | INFO     |   Processing 20 proteins for attention analysis ...
23:27:22 | INFO     |   Saved attention heatmaps -> output/phase_9\attention_heatmaps_final_features_v2.png
23:27:22 | INFO     |   Saved per-class attention -> output/phase_9\attention_by_class_final_features_v2.png

[3/6] Gradient saliency maps
------------------------------------------------------------
23:27:22 | INFO     |   Computing gradient saliency for 20 proteins ...
23:27:26 | INFO     |   Saved saliency maps -> output/phase_9\gradient_saliency_maps_final_features_v2.png

[4/6] Global feature importance (Integrated Gradients)
------------------------------------------------------------
23:27:26 | INFO     |   Running integrated gradients on 100 proteins ...
  IG proteins: 100%|████████████████████████████████████████████| 100/100 [00:51<00:00,  1.96it/s] 
23:28:17 | INFO     |   Saved IG feature importance -> output/phase_9\feature_importance_ig_final_features_v2.png
23:28:17 | INFO     |   Saved top-20 combined -> output/phase_9\top20_features_all_classes_final_features_v2.png

[5/6] SHAP feature importance (GradientExplainer)
------------------------------------------------------------
23:28:17 | INFO     |   Running SHAP on up to 50 proteins (max_len=80) ...
DEBUG 0: shap_imp.shape=(3, 12), top_idx.shape=(12,), top_vals.shape=(12,)
DEBUG 1: shap_imp.shape=(3, 12), top_idx.shape=(12,), top_vals.shape=(12,)
DEBUG 2: shap_imp.shape=(3, 12), top_idx.shape=(12,), top_vals.shape=(12,)
23:28:25 | INFO     |   Saved SHAP plot -> output/phase_9\shap_feature_importance_final_features_v2.png

[6/6] LIME residue importance (segment masking)
------------------------------------------------------------
23:28:25 | INFO     |   Running LIME on 10 proteins (200 perturbations each) ...
  LIME proteins: 100%|████████████████████████████████████████████| 10/10 [00:23<00:00,  2.39s/it]
23:28:50 | INFO     |   Saved LIME plot -> output/phase_9\lime_residue_importance_final_features_v2.png
23:28:50 | INFO     |   Report saved -> output/phase_9\explainability_phase_9_report_final_features_v2.txt